<?xml version="1.0" encoding="UTF-8"?>
<!-- Generated by org.testng.reporters.JUnitReportReporter -->
<testsuite hostname="LIN80023159" failures="0" tests="1" name="TestRunner.TestNGRunner" time="62.864" errors="0" timestamp="10 May 2021 06:56:35 GMT" skipped="0">
  <testcase classname="TestRunner.TestNGRunner" name="feature" time="62.864"/>
</testsuite> <!-- TestRunner.TestNGRunner -->
